#
# A fatal error has been detected by the Java Runtime Environment:
#
#  EXCEPTION_ACCESS_VIOLATION (0xc0000005) at pc=0x0000000063728f19, pid=6980, tid=3252
#
# JRE version: 7.0_07-b11
# Java VM: Java HotSpot(TM) 64-Bit Server VM (23.3-b01 mixed mode windows-amd64 compressed oops)
# Problematic frame:
# V  [jvm.dll+0x38f19]
#
# Failed to write core dump. Minidumps are not enabled by default on client versions of Windows
#
# If you would like to submit a bug report, please visit:
#   http://bugreport.sun.com/bugreport/crash.jsp
#

---------------  T H R E A D  ---------------

Current thread (0x0000000008c8e000):  JavaThread "JDWP Transport Listener: dt_socket" daemon [_thread_in_vm, id=3252, stack(0x000000000ac80000,0x000000000ad80000)]

siginfo: ExceptionCode=0xc0000005, reading address 0x000000000000000c

Registers:
RAX=0x000000000000000c, RBX=0x0000000008c8e000, RCX=0x0000000000000000, RDX=0x0000000000000000
RSP=0x000000000ad7f100, RBP=0x000000000000000c, RSI=0x0000000000000000, RDI=0x0000000000000010
R8 =0x00000000eb6f1fa8, R9 =0x0000000000000000, R10=0x0000000000000000, R11=0x0000000000000001
R12=0x0000000000000000, R13=0x0000000000000000, R14=0x0000000000000000, R15=0x0000000000000000
RIP=0x0000000063728f19, EFLAGS=0x0000000000010246

Top of Stack: (sp=0x000000000ad7f100)
0x000000000ad7f100:   0000000008c8e000 0000000000000000
0x000000000ad7f110:   0000000000000000 0000000008c8e000
0x000000000ad7f120:   0000000000000000 00000000637e76b4
0x000000000ad7f130:   00000000eb6f1fa8 000000000ad7f250
0x000000000ad7f140:   0000000008c045f8 000000000ad7f220
0x000000000ad7f150:   0000000008c8e000 0000000000000000
0x000000000ad7f160:   0000000008c045f8 000000000ad7f250
0x000000000ad7f170:   0000000000000000 0000000000000000
0x000000000ad7f180:   0000000008c8e1d8 00000000647a7d15
0x000000000ad7f190:   000000000ad7f220 000000000ad7f250
0x000000000ad7f1a0:   0000000008c045f8 0000000008c8e1d8
0x000000000ad7f1b0:   000000000b99240a 00000000647af09c
0x000000000ad7f1c0:   0000000063010a01 000000000ad7f2c0
0x000000000ad7f1d0:   0000000008c82001 0000000008c82001
0x000000000ad7f1e0:   0000070800000013 0000000063010a00
0x000000000ad7f1f0:   00000000021fced0 0000000000000000 

Instructions: (pc=0x0000000063728f19)
0x0000000063728ef9:   d2 48 8b c5 eb 18 48 8b d0 48 8b c5 48 d3 e2 48
0x0000000063728f09:   03 15 01 16 62 00 eb 06 48 8b 12 48 8b c7 48 98
0x0000000063728f19:   8b 14 10 85 d2 74 2a 45 84 db 4c 63 c6 48 0f 45
0x0000000063728f29:   fd 8d 47 0b 48 63 c8 48 83 e1 f8 48 c1 e9 03 8d 


Register to memory mapping:

RAX=0x000000000000000c is an unknown value
RBX=0x0000000008c8e000 is a thread
RCX=0x0000000000000000 is an unknown value
RDX=0x0000000000000000 is an unknown value
RSP=0x000000000ad7f100 is pointing into the stack for thread: 0x0000000008c8e000
RBP=0x000000000000000c is an unknown value
RSI=0x0000000000000000 is an unknown value
RDI=0x0000000000000010 is an unknown value
R8 =0x00000000eb6f1fa8 is an oop
java.lang.String 
 - klass: 'java/lang/String'
R9 =0x0000000000000000 is an unknown value
R10=0x0000000000000000 is an unknown value
R11=0x0000000000000001 is an unknown value
R12=0x0000000000000000 is an unknown value
R13=0x0000000000000000 is an unknown value
R14=0x0000000000000000 is an unknown value
R15=0x0000000000000000 is an unknown value


Stack: [0x000000000ac80000,0x000000000ad80000],  sp=0x000000000ad7f100,  free space=1020k
Native frames: (J=compiled Java code, j=interpreted, Vv=VM code, C=native code)
V  [jvm.dll+0x38f19]


---------------  P R O C E S S  ---------------

Java Threads: ( => current thread )
  0x000000000b7ee800 JavaThread "ReaderThread" [_thread_in_native, id=6900, stack(0x000000000b140000,0x000000000b240000)]
  0x0000000008cbd000 JavaThread "Service Thread" daemon [_thread_blocked, id=3116, stack(0x000000000b500000,0x000000000b600000)]
  0x0000000008cb4800 JavaThread "C2 CompilerThread1" daemon [_thread_blocked, id=3128, stack(0x000000000b400000,0x000000000b500000)]
  0x0000000008caf000 JavaThread "C2 CompilerThread0" daemon [_thread_blocked, id=3456, stack(0x000000000b270000,0x000000000b370000)]
  0x0000000008cae000 JavaThread "JDWP Command Reader" daemon [_thread_in_native, id=6960, stack(0x000000000b030000,0x000000000b130000)]
  0x0000000008c9e000 JavaThread "JDWP Event Helper Thread" daemon [_thread_blocked, id=6704, stack(0x000000000aed0000,0x000000000afd0000)]
=>0x0000000008c8e000 JavaThread "JDWP Transport Listener: dt_socket" daemon [_thread_in_vm, id=3252, stack(0x000000000ac80000,0x000000000ad80000)]
  0x0000000008c88000 JavaThread "Attach Listener" daemon [_thread_blocked, id=3268, stack(0x000000000a150000,0x000000000a250000)]
  0x0000000008c80800 JavaThread "Signal Dispatcher" daemon [_thread_blocked, id=6420, stack(0x000000000a020000,0x000000000a120000)]
  0x00000000022b3000 JavaThread "Finalizer" daemon [_thread_blocked, id=5452, stack(0x0000000009ea0000,0x0000000009fa0000)]
  0x00000000022b1800 JavaThread "Reference Handler" daemon [_thread_blocked, id=7028, stack(0x0000000009ce0000,0x0000000009de0000)]
  0x00000000021be800 JavaThread "main" [_thread_blocked, id=3120, stack(0x0000000002480000,0x0000000002580000)]

Other Threads:
  0x0000000008c02000 VMThread [stack: 0x0000000009bb0000,0x0000000009cb0000] [id=7000]
  0x0000000008cca000 WatcherThread [stack: 0x000000000b690000,0x000000000b790000] [id=6680]

VM state:not at safepoint (normal execution)

VM Mutex/Monitor currently owned by a thread: None

Heap
 PSYoungGen      total 18688K, used 5143K [0x00000000eb200000, 0x00000000ec6d0000, 0x0000000100000000)
  eden space 16064K, 32% used [0x00000000eb200000,0x00000000eb705f90,0x00000000ec1b0000)
  from space 2624K, 0% used [0x00000000ec440000,0x00000000ec440000,0x00000000ec6d0000)
  to   space 2624K, 0% used [0x00000000ec1b0000,0x00000000ec1b0000,0x00000000ec440000)
 ParOldGen       total 42752K, used 0K [0x00000000c1600000, 0x00000000c3fc0000, 0x00000000eb200000)
  object space 42752K, 0% used [0x00000000c1600000,0x00000000c1600000,0x00000000c3fc0000)
 PSPermGen       total 21248K, used 5795K [0x00000000bc400000, 0x00000000bd8c0000, 0x00000000c1600000)
  object space 21248K, 27% used [0x00000000bc400000,0x00000000bc9a8d70,0x00000000bd8c0000)

Card table byte_map: [0x0000000005580000,0x00000000057a0000] byte_map_base: 0x0000000004f9e000

Polling page: 0x0000000000220000

Code Cache  [0x0000000002580000, 0x00000000027f0000, 0x0000000005580000)
 total_blobs=253 nmethods=27 adapters=186 free_code_cache=48688Kb largest_free_block=49825920

Compilation events (10 events):
Event: 0.985 Thread 0x0000000008cb4800   23             java.util.regex.Matcher::reset (83 bytes)
Event: 0.990 Thread 0x0000000008caf000   24             java.lang.Math::min (11 bytes)
Event: 0.991 Thread 0x0000000008cb4800 nmethod 23 0x00000000025ec6d0 code [0x00000000025ec820, 0x00000000025ec9d8]
Event: 0.991 Thread 0x0000000008caf000 nmethod 24 0x00000000025ec4d0 code [0x00000000025ec600, 0x00000000025ec658]
Event: 1.015 Thread 0x0000000008cb4800   25             sun.nio.cs.UTF_8$Encoder::encode (361 bytes)
Event: 1.025 Thread 0x0000000008caf000   26             java.io.Win32FileSystem::normalize (143 bytes)
Event: 1.043 Thread 0x0000000008caf000 nmethod 26 0x00000000025f1d10 code [0x00000000025f1e80, 0x00000000025f22b0]
Event: 1.045 Thread 0x0000000008cb4800 nmethod 25 0x00000000025f6cd0 code [0x00000000025f6e40, 0x00000000025f74a8]
Event: 1.064 Thread 0x0000000008caf000   27             sun.nio.cs.UTF_8$Encoder::encodeArrayLoop (489 bytes)
Event: 1.099 Thread 0x0000000008caf000 nmethod 27 0x00000000025f2a90 code [0x00000000025f2c80, 0x00000000025f3660]

GC Heap History (0 events):
No events

Deoptimization events (0 events):
No events

Internal exceptions (10 events):
Event: 1.011 Thread 0x00000000021be800 Threw 0x00000000eb6a21f8 at C:\jdk7u1_64p\jdk7u7\hotspot\src\share\vm\runtime\reflection.cpp:1039
Event: 1.014 Thread 0x00000000021be800 Threw 0x00000000eb6a2800 at C:\jdk7u1_64p\jdk7u7\hotspot\src\share\vm\prims\jvm.cpp:1166
Event: 1.016 Thread 0x00000000021be800 Threw 0x00000000eb6a6a38 at C:\jdk7u1_64p\jdk7u7\hotspot\src\share\vm\prims\jvm.cpp:1166
Event: 1.018 Thread 0x00000000021be800 Threw 0x00000000eb6aa920 at C:\jdk7u1_64p\jdk7u7\hotspot\src\share\vm\prims\jvm.cpp:1166
Event: 1.021 Thread 0x00000000021be800 Threw 0x00000000eb6ae6e0 at C:\jdk7u1_64p\jdk7u7\hotspot\src\share\vm\prims\jvm.cpp:1166
Event: 1.022 Thread 0x00000000021be800 Threw 0x00000000eb6b1d38 at C:\jdk7u1_64p\jdk7u7\hotspot\src\share\vm\prims\jvm.cpp:1166
Event: 1.024 Thread 0x00000000021be800 Threw 0x00000000eb6b4ee8 at C:\jdk7u1_64p\jdk7u7\hotspot\src\share\vm\prims\jvm.cpp:1166
Event: 1.047 Thread 0x00000000021be800 Threw 0x00000000eb6c8cb8 at C:\jdk7u1_64p\jdk7u7\hotspot\src\share\vm\prims\jvm.cpp:1166
Event: 1.053 Thread 0x00000000021be800 Threw 0x00000000eb6d1618 at C:\jdk7u1_64p\jdk7u7\hotspot\src\share\vm\runtime\reflection.cpp:1039
Event: 1.061 Thread 0x00000000021be800 Threw 0x00000000eb6e1f50 at C:\jdk7u1_64p\jdk7u7\hotspot\src\share\vm\runtime\reflection.cpp:1039

Events (10 events):
Event: 47.133 Executing VM operation: ChangeSingleStep
Event: 47.133 Executing VM operation: ChangeSingleStep done
Event: 47.145 Executing VM operation: ChangeSingleStep
Event: 47.145 Executing VM operation: ChangeSingleStep done
Event: 47.215 Executing VM operation: GetOrSetLocal
Event: 47.216 Executing VM operation: GetOrSetLocal done
Event: 47.281 Executing VM operation: GetOrSetLocal
Event: 47.281 Executing VM operation: GetOrSetLocal done
Event: 47.553 Executing VM operation: GetOrSetLocal
Event: 47.553 Executing VM operation: GetOrSetLocal done


Dynamic libraries:
0x000000013f4a0000 - 0x000000013f4d4000 	C:\Program Files\Java\jdk1.7.0_07\bin\javaw.exe
0x00000000775a0000 - 0x0000000077749000 	C:\Windows\SYSTEM32\ntdll.dll
0x0000000077380000 - 0x000000007749f000 	C:\Windows\system32\kernel32.dll
0x000007fefd670000 - 0x000007fefd6db000 	C:\Windows\system32\KERNELBASE.dll
0x000007fefd8d0000 - 0x000007fefd9ab000 	C:\Windows\system32\ADVAPI32.dll
0x000007fefdce0000 - 0x000007fefdd7f000 	C:\Windows\system32\msvcrt.dll
0x000007fefd8b0000 - 0x000007fefd8cf000 	C:\Windows\SYSTEM32\sechost.dll
0x000007fefd780000 - 0x000007fefd8ad000 	C:\Windows\system32\RPCRT4.dll
0x00000000774a0000 - 0x000000007759a000 	C:\Windows\system32\USER32.dll
0x000007fefdd80000 - 0x000007fefdde7000 	C:\Windows\system32\GDI32.dll
0x000007feff270000 - 0x000007feff27e000 	C:\Windows\system32\LPK.dll
0x000007feff280000 - 0x000007feff349000 	C:\Windows\system32\USP10.dll
0x000007fefbb60000 - 0x000007fefbd54000 	C:\Windows\WinSxS\amd64_microsoft.windows.common-controls_6595b64144ccf1df_6.0.7601.17514_none_fa396087175ac9ac\COMCTL32.dll
0x000007feff350000 - 0x000007feff3c1000 	C:\Windows\system32\SHLWAPI.dll
0x000007fefeba0000 - 0x000007fefebce000 	C:\Windows\system32\IMM32.DLL
0x000007fefd9b0000 - 0x000007fefdab9000 	C:\Windows\system32\MSCTF.dll
0x0000000064030000 - 0x0000000064101000 	C:\Program Files\Java\jdk1.7.0_07\jre\bin\msvcr100.dll
0x00000000636f0000 - 0x0000000063e0f000 	C:\Program Files\Java\jdk1.7.0_07\jre\bin\server\jvm.dll
0x000007fefa3d0000 - 0x000007fefa3d9000 	C:\Windows\system32\WSOCK32.dll
0x000007fefebd0000 - 0x000007fefec1d000 	C:\Windows\system32\WS2_32.dll
0x000007fefdac0000 - 0x000007fefdac8000 	C:\Windows\system32\NSI.dll
0x000007fef8e40000 - 0x000007fef8e7b000 	C:\Windows\system32\WINMM.dll
0x0000000077760000 - 0x0000000077767000 	C:\Windows\system32\PSAPI.DLL
0x0000000074870000 - 0x000000007487f000 	C:\Program Files\Java\jdk1.7.0_07\jre\bin\verify.dll
0x0000000069370000 - 0x0000000069398000 	C:\Program Files\Java\jdk1.7.0_07\jre\bin\java.dll
0x00000000647a0000 - 0x00000000647d5000 	C:\Program Files\Java\jdk1.7.0_07\jre\bin\jdwp.dll
0x0000000069280000 - 0x0000000069288000 	C:\Program Files\Java\jdk1.7.0_07\jre\bin\npt.dll
0x000000006a1c0000 - 0x000000006a1d5000 	C:\Program Files\Java\jdk1.7.0_07\jre\bin\zip.dll
0x00000000680a0000 - 0x00000000680a9000 	C:\Program Files\Java\jdk1.7.0_07\jre\bin\dt_socket.dll
0x000007fefb200000 - 0x000007fefb215000 	C:\Windows\system32\NLAapi.dll
0x000007fef2fb0000 - 0x000007fef2fc5000 	C:\Windows\system32\napinsp.dll
0x000007fef2f90000 - 0x000007fef2fa9000 	C:\Windows\system32\pnrpnsp.dll
0x000007fefcbc0000 - 0x000007fefcc15000 	C:\Windows\System32\mswsock.dll
0x000007fefca40000 - 0x000007fefca9b000 	C:\Windows\system32\DNSAPI.dll
0x000007fef2f80000 - 0x000007fef2f8b000 	C:\Windows\System32\winrnr.dll
0x000007fef2f70000 - 0x000007fef2f80000 	C:\Windows\system32\wshbth.dll
0x000007fef3e60000 - 0x000007fef3e8f000 	C:\Program Files\Common Files\Microsoft Shared\Windows Live\WLIDNSP.DLL
0x000007fefad80000 - 0x000007fefada7000 	C:\Windows\system32\IPHLPAPI.DLL
0x000007fefb100000 - 0x000007fefb10b000 	C:\Windows\system32\WINNSI.DLL
0x000007fefabe0000 - 0x000007fefac33000 	C:\Windows\System32\fwpuclnt.dll
0x000007fef3e50000 - 0x000007fef3e58000 	C:\Windows\system32\rasadhlp.dll
0x000007fefc530000 - 0x000007fefc537000 	C:\Windows\System32\wshtcpip.dll
0x0000000069350000 - 0x0000000069369000 	C:\Program Files\Java\jdk1.7.0_07\jre\bin\net.dll
0x000007fefcbb0000 - 0x000007fefcbb7000 	C:\Windows\System32\wship6.dll
0x000007fef2fd0000 - 0x000007fef30f5000 	C:\Windows\system32\dbghelp.dll

VM Arguments:
jvm_args: -agentlib:jdwp=transport=dt_socket,suspend=y,address=localhost:60035 -Dfile.encoding=Cp1251 
java_command: org.eclipse.jdt.internal.junit.runner.RemoteTestRunner -version 3 -port 60034 -testLoaderClass org.eclipse.jdt.internal.junit4.runner.JUnit4TestLoader -loaderpluginname org.eclipse.jdt.junit4.runtime -classNames com.hackbulgaria.corejava.tests.Problems2Tests
Launcher Type: SUN_STANDARD

Environment Variables:
JAVA_HOME=C:\Program Files\Java\jdk1.7.0_07
PATH=C:\Program Files\Java\jdk1.7.0_07\jre\bin;C:/Program Files/Java/jdk1.7.0_07/bin/../jre/bin/server;C:/Program Files/Java/jdk1.7.0_07/bin/../jre/bin;C:/Program Files/Java/jdk1.7.0_07/bin/../jre/lib/amd64;C:\Program Files\Common Files\Microsoft Shared\Windows Live;C:\Program Files (x86)\Common Files\Microsoft Shared\Windows Live;C:\Windows\system32;C:\Windows;C:\Windows\System32\Wbem;C:\Windows\System32\WindowsPowerShell\v1.0\;C:\Program Files (x86)\Microsoft SQL Server\100\Tools\Binn\;C:\Program Files\Microsoft SQL Server\100\Tools\Binn\;C:\Program Files\Microsoft SQL Server\100\DTS\Binn\;C:\Program Files (x86)\Windows Live\Shared;C:\Program Files (x86)\GtkSharp\2.12\bin;C:\omnetpp-4.4.1-src-windows\omnetpp-4.4.1\bin;C:\omnetpp-4.4.1-src-windows\omnetpp-4.4.1\mingw\bin;р?Д;D:\инсталирани\apache-maven-3.0.5\bin;C:\Program Files\Java\jdk1.7.0_07\bin;D:\инсталирани\eclipse;
USERNAME=RUSHI
OS=Windows_NT
PROCESSOR_IDENTIFIER=Intel64 Family 6 Model 42 Stepping 7, GenuineIntel



---------------  S Y S T E M  ---------------

OS: Windows 7 , 64 bit Build 7601 Service Pack 1

CPU:total 4 (2 cores per cpu, 2 threads per core) family 6 model 42 stepping 7, cmov, cx8, fxsr, mmx, sse, sse2, sse3, ssse3, sse4.1, sse4.2, popcnt, avx, ht, tsc, tscinvbit

Memory: 4k page, physical 4096128k(1088500k free), swap 8190392k(3412856k free)

vm_info: Java HotSpot(TM) 64-Bit Server VM (23.3-b01) for windows-amd64 JRE (1.7.0_07-b11), built on Sep  7 2012 01:19:25 by "java_re" with unknown MS VC++:1600

time: Thu Aug 07 20:34:27 2014
elapsed time: 47 seconds

